{"/home/cesar/Dev/spotify-clone/server/config.js": {"path":"/home/cesar/Dev/spotify-clone/server/config.js","statementMap":{"0":{"start":{"line":4,"column":19},"end":{"line":4,"column":58}},"1":{"start":{"line":5,"column":13},"end":{"line":5,"column":36}},"2":{"start":{"line":7,"column":22},"end":{"line":7,"column":41}},"3":{"start":{"line":8,"column":24},"end":{"line":8,"column":44}}},"fnMap":{},"branchMap":{"0":{"loc":{"start":{"line":11,"column":8},"end":{"line":11,"column":32}},"type":"binary-expr","locations":[{"start":{"line":11,"column":8},"end":{"line":11,"column":24}},{"start":{"line":11,"column":28},"end":{"line":11,"column":32}}],"line":11}},"s":{"0":3,"1":3,"2":3,"3":3},"f":{},"b":{"0":[3,3]},"_coverageSchema":"1a1c01bbd47fc00a2c39e90264f33305004495a9","hash":"e89877e00dc9e565bd84b93608885d85a80e93dd"}
,"/home/cesar/Dev/spotify-clone/server/controller.js": {"path":"/home/cesar/Dev/spotify-clone/server/controller.js","statementMap":{"0":{"start":{"line":5,"column":4},"end":{"line":5,"column":33}},"1":{"start":{"line":9,"column":4},"end":{"line":9,"column":48}}},"fnMap":{"0":{"name":"(anonymous_0)","decl":{"start":{"line":4,"column":2},"end":{"line":4,"column":3}},"loc":{"start":{"line":4,"column":16},"end":{"line":6,"column":3}},"line":4},"1":{"name":"(anonymous_1)","decl":{"start":{"line":8,"column":2},"end":{"line":8,"column":3}},"loc":{"start":{"line":8,"column":32},"end":{"line":10,"column":3}},"line":8}},"branchMap":{},"s":{"0":2,"1":2},"f":{"0":2,"1":2},"b":{},"_coverageSchema":"1a1c01bbd47fc00a2c39e90264f33305004495a9","hash":"1dc672c1cf0e52f99811b9f166c9f499d0cfef73"}
,"/home/cesar/Dev/spotify-clone/server/routes.js": {"path":"/home/cesar/Dev/spotify-clone/server/routes.js","statementMap":{"0":{"start":{"line":14,"column":4},"end":{"line":14,"column":10}},"1":{"start":{"line":16,"column":19},"end":{"line":16,"column":35}},"2":{"start":{"line":21,"column":26},"end":{"line":21,"column":33}},"3":{"start":{"line":23,"column":2},"end":{"line":28,"column":3}},"4":{"start":{"line":24,"column":4},"end":{"line":26,"column":7}},"5":{"start":{"line":27,"column":4},"end":{"line":27,"column":26}},"6":{"start":{"line":30,"column":2},"end":{"line":35,"column":3}},"7":{"start":{"line":32,"column":23},"end":{"line":32,"column":63}},"8":{"start":{"line":34,"column":4},"end":{"line":34,"column":33}},"9":{"start":{"line":37,"column":2},"end":{"line":42,"column":3}},"10":{"start":{"line":39,"column":23},"end":{"line":39,"column":69}},"11":{"start":{"line":41,"column":4},"end":{"line":41,"column":33}},"12":{"start":{"line":44,"column":2},"end":{"line":54,"column":3}},"13":{"start":{"line":45,"column":29},"end":{"line":45,"column":64}},"14":{"start":{"line":46,"column":24},"end":{"line":46,"column":42}},"15":{"start":{"line":47,"column":4},"end":{"line":51,"column":5}},"16":{"start":{"line":48,"column":6},"end":{"line":50,"column":9}},"17":{"start":{"line":53,"column":4},"end":{"line":53,"column":33}},"18":{"start":{"line":56,"column":2},"end":{"line":56,"column":25}},"19":{"start":{"line":57,"column":2},"end":{"line":57,"column":24}},"20":{"start":{"line":62,"column":2},"end":{"line":66,"column":3}},"21":{"start":{"line":63,"column":4},"end":{"line":63,"column":50}},"22":{"start":{"line":64,"column":4},"end":{"line":64,"column":28}},"23":{"start":{"line":65,"column":4},"end":{"line":65,"column":26}},"24":{"start":{"line":68,"column":2},"end":{"line":68,"column":53}},"25":{"start":{"line":69,"column":2},"end":{"line":69,"column":26}},"26":{"start":{"line":70,"column":2},"end":{"line":70,"column":24}},"27":{"start":{"line":75,"column":2},"end":{"line":76,"column":50}},"28":{"start":{"line":76,"column":20},"end":{"line":76,"column":48}}},"fnMap":{"0":{"name":"routes","decl":{"start":{"line":19,"column":15},"end":{"line":19,"column":21}},"loc":{"start":{"line":19,"column":41},"end":{"line":59,"column":1}},"line":19},"1":{"name":"handleError","decl":{"start":{"line":61,"column":9},"end":{"line":61,"column":20}},"loc":{"start":{"line":61,"column":38},"end":{"line":72,"column":1}},"line":61},"2":{"name":"handler","decl":{"start":{"line":74,"column":16},"end":{"line":74,"column":23}},"loc":{"start":{"line":74,"column":43},"end":{"line":77,"column":1}},"line":74},"3":{"name":"(anonymous_3)","decl":{"start":{"line":76,"column":11},"end":{"line":76,"column":12}},"loc":{"start":{"line":76,"column":20},"end":{"line":76,"column":48}},"line":76}},"branchMap":{"0":{"loc":{"start":{"line":23,"column":2},"end":{"line":28,"column":3}},"type":"if","locations":[{"start":{"line":23,"column":2},"end":{"line":28,"column":3}},{"start":{},"end":{}}],"line":23},"1":{"loc":{"start":{"line":23,"column":5},"end":{"line":23,"column":36}},"type":"binary-expr","locations":[{"start":{"line":23,"column":5},"end":{"line":23,"column":21}},{"start":{"line":23,"column":25},"end":{"line":23,"column":36}}],"line":23},"2":{"loc":{"start":{"line":30,"column":2},"end":{"line":35,"column":3}},"type":"if","locations":[{"start":{"line":30,"column":2},"end":{"line":35,"column":3}},{"start":{},"end":{}}],"line":30},"3":{"loc":{"start":{"line":30,"column":5},"end":{"line":30,"column":40}},"type":"binary-expr","locations":[{"start":{"line":30,"column":5},"end":{"line":30,"column":21}},{"start":{"line":30,"column":25},"end":{"line":30,"column":40}}],"line":30},"4":{"loc":{"start":{"line":37,"column":2},"end":{"line":42,"column":3}},"type":"if","locations":[{"start":{"line":37,"column":2},"end":{"line":42,"column":3}},{"start":{},"end":{}}],"line":37},"5":{"loc":{"start":{"line":37,"column":5},"end":{"line":37,"column":46}},"type":"binary-expr","locations":[{"start":{"line":37,"column":5},"end":{"line":37,"column":21}},{"start":{"line":37,"column":25},"end":{"line":37,"column":46}}],"line":37},"6":{"loc":{"start":{"line":44,"column":2},"end":{"line":54,"column":3}},"type":"if","locations":[{"start":{"line":44,"column":2},"end":{"line":54,"column":3}},{"start":{},"end":{}}],"line":44},"7":{"loc":{"start":{"line":47,"column":4},"end":{"line":51,"column":5}},"type":"if","locations":[{"start":{"line":47,"column":4},"end":{"line":51,"column":5}},{"start":{},"end":{}}],"line":47},"8":{"loc":{"start":{"line":62,"column":2},"end":{"line":66,"column":3}},"type":"if","locations":[{"start":{"line":62,"column":2},"end":{"line":66,"column":3}},{"start":{},"end":{}}],"line":62}},"s":{"0":1,"1":1,"2":8,"3":8,"4":1,"5":1,"6":7,"7":1,"8":1,"9":6,"10":1,"11":1,"12":5,"13":4,"14":2,"15":2,"16":1,"17":2,"18":1,"19":1,"20":2,"21":1,"22":1,"23":1,"24":1,"25":1,"26":1,"27":8,"28":2},"f":{"0":8,"1":2,"2":8,"3":2},"b":{"0":[1,7],"1":[8,7],"2":[1,6],"3":[7,6],"4":[1,5],"5":[6,5],"6":[4,1],"7":[1,1],"8":[1,1]},"_coverageSchema":"1a1c01bbd47fc00a2c39e90264f33305004495a9","hash":"5e4b6a90cf872a931fefc217a6b2ab363be028fd"}
,"/home/cesar/Dev/spotify-clone/server/service.js": {"path":"/home/cesar/Dev/spotify-clone/server/service.js","statementMap":{"0":{"start":{"line":12,"column":4},"end":{"line":12,"column":10}},"1":{"start":{"line":16,"column":4},"end":{"line":16,"column":41}},"2":{"start":{"line":20,"column":25},"end":{"line":20,"column":56}},"3":{"start":{"line":22,"column":4},"end":{"line":22,"column":42}},"4":{"start":{"line":24,"column":21},"end":{"line":24,"column":42}},"5":{"start":{"line":26,"column":4},"end":{"line":29,"column":5}},"6":{"start":{"line":35,"column":27},"end":{"line":35,"column":59}},"7":{"start":{"line":36,"column":4},"end":{"line":39,"column":5}}},"fnMap":{"0":{"name":"(anonymous_0)","decl":{"start":{"line":15,"column":2},"end":{"line":15,"column":3}},"loc":{"start":{"line":15,"column":29},"end":{"line":17,"column":3}},"line":15},"1":{"name":"(anonymous_1)","decl":{"start":{"line":19,"column":2},"end":{"line":19,"column":3}},"loc":{"start":{"line":19,"column":30},"end":{"line":31,"column":3}},"line":19},"2":{"name":"(anonymous_2)","decl":{"start":{"line":34,"column":2},"end":{"line":34,"column":3}},"loc":{"start":{"line":34,"column":32},"end":{"line":40,"column":3}},"line":34}},"branchMap":{},"s":{"0":3,"1":1,"2":2,"3":2,"4":1,"5":1,"6":2,"7":1},"f":{"0":1,"1":2,"2":2},"b":{},"_coverageSchema":"1a1c01bbd47fc00a2c39e90264f33305004495a9","hash":"029459acbcf1c3d300399b2de65f9e50f0748723"}
,"/home/cesar/Dev/spotify-clone/server/utils.js": {"path":"/home/cesar/Dev/spotify-clone/server/utils.js","statementMap":{"0":{"start":{"line":4,"column":12},"end":{"line":12,"column":2}},"1":{"start":{"line":14,"column":22},"end":{"line":14,"column":25}}},"fnMap":{},"branchMap":{},"s":{"0":1,"1":1},"f":{},"b":{},"_coverageSchema":"1a1c01bbd47fc00a2c39e90264f33305004495a9","hash":"b1b59b03a6b6343c86064ff69e1d2a23567f83c7"}
,"/home/cesar/Dev/spotify-clone/tests/unit/_util/testUtil.js": {"path":"/home/cesar/Dev/spotify-clone/tests/unit/_util/testUtil.js","statementMap":{"0":{"start":{"line":7,"column":4},"end":{"line":15,"column":7}},"1":{"start":{"line":9,"column":8},"end":{"line":11,"column":9}},"2":{"start":{"line":10,"column":10},"end":{"line":10,"column":26}},"3":{"start":{"line":13,"column":8},"end":{"line":13,"column":24}},"4":{"start":{"line":19,"column":4},"end":{"line":25,"column":7}},"5":{"start":{"line":21,"column":8},"end":{"line":21,"column":22}},"6":{"start":{"line":23,"column":8},"end":{"line":23,"column":30}},"7":{"start":{"line":30,"column":26},"end":{"line":30,"column":81}},"8":{"start":{"line":31,"column":21},"end":{"line":31,"column":62}},"9":{"start":{"line":32,"column":17},"end":{"line":42,"column":5}},"10":{"start":{"line":45,"column":4},"end":{"line":48,"column":5}},"11":{"start":{"line":46,"column":20},"end":{"line":46,"column":39}}},"fnMap":{"0":{"name":"(anonymous_0)","decl":{"start":{"line":6,"column":2},"end":{"line":6,"column":3}},"loc":{"start":{"line":6,"column":38},"end":{"line":16,"column":3}},"line":6},"1":{"name":"(anonymous_1)","decl":{"start":{"line":8,"column":6},"end":{"line":8,"column":7}},"loc":{"start":{"line":8,"column":13},"end":{"line":14,"column":7}},"line":8},"2":{"name":"(anonymous_2)","decl":{"start":{"line":18,"column":2},"end":{"line":18,"column":3}},"loc":{"start":{"line":18,"column":40},"end":{"line":26,"column":3}},"line":18},"3":{"name":"(anonymous_3)","decl":{"start":{"line":20,"column":6},"end":{"line":20,"column":7}},"loc":{"start":{"line":20,"column":39},"end":{"line":24,"column":7}},"line":20},"4":{"name":"(anonymous_4)","decl":{"start":{"line":29,"column":2},"end":{"line":29,"column":3}},"loc":{"start":{"line":29,"column":31},"end":{"line":49,"column":3}},"line":29},"5":{"name":"(anonymous_5)","decl":{"start":{"line":31,"column":53},"end":{"line":31,"column":54}},"loc":{"start":{"line":31,"column":59},"end":{"line":31,"column":61}},"line":31},"6":{"name":"(anonymous_6)","decl":{"start":{"line":46,"column":14},"end":{"line":46,"column":15}},"loc":{"start":{"line":46,"column":20},"end":{"line":46,"column":39}},"line":46}},"branchMap":{},"s":{"0":15,"1":0,"2":0,"3":0,"4":8,"5":0,"6":0,"7":8,"8":8,"9":8,"10":8,"11":8},"f":{"0":15,"1":0,"2":8,"3":0,"4":8,"5":0,"6":8},"b":{},"_coverageSchema":"1a1c01bbd47fc00a2c39e90264f33305004495a9","hash":"6c0b0f36cfc5b38b416ecf14a519e09d86c51510"}
}
