TN:
SF:server/config.js
FNF:0
FNH:0
DA:4,3
DA:5,3
DA:7,3
DA:8,3
LF:4
LH:4
BRDA:11,0,0,3
BRDA:11,0,1,3
BRF:2
BRH:2
end_of_record
TN:
SF:server/controller.js
FN:4,(anonymous_0)
FN:8,(anonymous_1)
FNF:2
FNH:2
FNDA:2,(anonymous_0)
FNDA:2,(anonymous_1)
DA:5,2
DA:9,2
LF:2
LH:2
BRF:0
BRH:0
end_of_record
TN:
SF:server/routes.js
FN:19,routes
FN:61,handleError
FN:74,handler
FN:76,(anonymous_3)
FNF:4
FNH:4
FNDA:8,routes
FNDA:2,handleError
FNDA:8,handler
FNDA:2,(anonymous_3)
DA:14,1
DA:16,1
DA:21,8
DA:23,8
DA:24,1
DA:27,1
DA:30,7
DA:32,1
DA:34,1
DA:37,6
DA:39,1
DA:41,1
DA:44,5
DA:45,4
DA:46,2
DA:47,2
DA:48,1
DA:53,2
DA:56,1
DA:57,1
DA:62,2
DA:63,1
DA:64,1
DA:65,1
DA:68,1
DA:69,1
DA:70,1
DA:75,8
DA:76,2
LF:29
LH:29
BRDA:23,0,0,1
BRDA:23,0,1,7
BRDA:23,1,0,8
BRDA:23,1,1,7
BRDA:30,2,0,1
BRDA:30,2,1,6
BRDA:30,3,0,7
BRDA:30,3,1,6
BRDA:37,4,0,1
BRDA:37,4,1,5
BRDA:37,5,0,6
BRDA:37,5,1,5
BRDA:44,6,0,4
BRDA:44,6,1,1
BRDA:47,7,0,1
BRDA:47,7,1,1
BRDA:62,8,0,1
BRDA:62,8,1,1
BRF:18
BRH:18
end_of_record
TN:
SF:server/service.js
FN:15,(anonymous_0)
FN:19,(anonymous_1)
FN:34,(anonymous_2)
FNF:3
FNH:3
FNDA:1,(anonymous_0)
FNDA:2,(anonymous_1)
FNDA:2,(anonymous_2)
DA:12,3
DA:16,1
DA:20,2
DA:22,2
DA:24,1
DA:26,1
DA:35,2
DA:36,1
LF:8
LH:8
BRF:0
BRH:0
end_of_record
TN:
SF:server/utils.js
FNF:0
FNH:0
DA:4,1
DA:14,1
LF:2
LH:2
BRF:0
BRH:0
end_of_record
TN:
SF:tests/unit/_util/testUtil.js
FN:6,(anonymous_0)
FN:8,(anonymous_1)
FN:18,(anonymous_2)
FN:20,(anonymous_3)
FN:29,(anonymous_4)
FN:31,(anonymous_5)
FN:46,(anonymous_6)
FNF:7
FNH:4
FNDA:15,(anonymous_0)
FNDA:0,(anonymous_1)
FNDA:8,(anonymous_2)
FNDA:0,(anonymous_3)
FNDA:8,(anonymous_4)
FNDA:0,(anonymous_5)
FNDA:8,(anonymous_6)
DA:7,15
DA:9,0
DA:10,0
DA:13,0
DA:19,8
DA:21,0
DA:23,0
DA:30,8
DA:31,8
DA:32,8
DA:45,8
DA:46,8
LF:12
LH:7
BRF:0
BRH:0
end_of_record
